<?xml version="1.0" encoding="UTF-8"?>
<!-- Generated by org.testng.reporters.JUnitReportReporter -->
<testsuite skipped="4" hostname="VD-MDU-MMA12" name="TestCases.HyperLinkPage_Test" tests="9" failures="0" timestamp="2019-11-20T12:41:44 IST" time="113.287" errors="1">
  <testcase name="Navi_ClickLink" time="0.553" classname="TestCases.HyperLinkPage_Test"/>
  <testcase name="Test11_FindDestination" time="0.074" classname="TestCases.HyperLinkPage_Test"/>
  <testcase name="Test12_VerifyBrokenLink" time="21.048" classname="TestCases.HyperLinkPage_Test">
    <skipped/>
  </testcase> <!-- Test12_VerifyBrokenLink -->
  <testcase name="Test12_VerifyBrokenLink" time="21.041" classname="TestCases.HyperLinkPage_Test">
    <error type="java.net.ConnectException" message="Connection timed out: connect">
      <![CDATA[java.net.ConnectException: Connection timed out: connect
at java.net.DualStackPlainSocketImpl.connect0(Native Method)
at java.net.DualStackPlainSocketImpl.socketConnect(Unknown Source)
at java.net.AbstractPlainSocketImpl.doConnect(Unknown Source)
at java.net.AbstractPlainSocketImpl.connectToAddress(Unknown Source)
at java.net.AbstractPlainSocketImpl.connect(Unknown Source)
at java.net.PlainSocketImpl.connect(Unknown Source)
at java.net.SocksSocketImpl.connect(Unknown Source)
at java.net.Socket.connect(Unknown Source)
at java.net.Socket.connect(Unknown Source)
at sun.net.NetworkClient.doConnect(Unknown Source)
at sun.net.www.http.HttpClient.openServer(Unknown Source)
at sun.net.www.http.HttpClient.openServer(Unknown Source)
at sun.net.www.http.HttpClient.<init>(Unknown Source)
at sun.net.www.http.HttpClient.New(Unknown Source)
at sun.net.www.http.HttpClient.New(Unknown Source)
at sun.net.www.protocol.http.HttpURLConnection.getNewHttpClient(Unknown Source)
at sun.net.www.protocol.http.HttpURLConnection.plainConnect0(Unknown Source)
at sun.net.www.protocol.http.HttpURLConnection.plainConnect(Unknown Source)
at sun.net.www.protocol.http.HttpURLConnection.connect(Unknown Source)
at TestCases.HyperLinkPage_Test.Test12_VerifyBrokenLink(HyperLinkPage_Test.java:41)
at sun.reflect.NativeMethodAccessorImpl.invoke0(Native Method)
at sun.reflect.NativeMethodAccessorImpl.invoke(Unknown Source)
at sun.reflect.DelegatingMethodAccessorImpl.invoke(Unknown Source)
at java.lang.reflect.Method.invoke(Unknown Source)
at org.testng.internal.MethodInvocationHelper.invokeMethod(MethodInvocationHelper.java:133)
at org.testng.internal.TestInvoker.invokeMethod(TestInvoker.java:584)
at org.testng.internal.TestInvoker.retryFailed(TestInvoker.java:204)
at org.testng.internal.MethodRunner.runInSequence(MethodRunner.java:58)
at org.testng.internal.TestInvoker$MethodInvocationAgent.invoke(TestInvoker.java:804)
at org.testng.internal.TestInvoker.invokeTestMethods(TestInvoker.java:145)
at org.testng.internal.TestMethodWorker.invokeTestMethods(TestMethodWorker.java:146)
at org.testng.internal.TestMethodWorker.run(TestMethodWorker.java:128)
at java.util.ArrayList.forEach(Unknown Source)
at org.testng.TestRunner.privateRun(TestRunner.java:770)
at org.testng.TestRunner.run(TestRunner.java:591)
at org.testng.SuiteRunner.runTest(SuiteRunner.java:402)
at org.testng.SuiteRunner.runSequentially(SuiteRunner.java:396)
at org.testng.SuiteRunner.privateRun(SuiteRunner.java:355)
at org.testng.SuiteRunner.run(SuiteRunner.java:304)
at org.testng.SuiteRunnerWorker.runSuite(SuiteRunnerWorker.java:53)
at org.testng.SuiteRunnerWorker.run(SuiteRunnerWorker.java:96)
at org.testng.TestNG.runSuitesSequentially(TestNG.java:1180)
at org.testng.TestNG.runSuitesLocally(TestNG.java:1102)
at org.testng.TestNG.runSuites(TestNG.java:1032)
at org.testng.TestNG.run(TestNG.java:1000)
at org.testng.remote.AbstractRemoteTestNG.run(AbstractRemoteTestNG.java:115)
at org.testng.remote.RemoteTestNG.initAndRun(RemoteTestNG.java:251)
at org.testng.remote.RemoteTestNG.main(RemoteTestNG.java:77)
]]>
    </error>
  </testcase> <!-- Test12_VerifyBrokenLink -->
  <testcase name="Test12_VerifyBrokenLink" time="21.055" classname="TestCases.HyperLinkPage_Test">
    <skipped/>
  </testcase> <!-- Test12_VerifyBrokenLink -->
  <testcase name="Test12_VerifyBrokenLink" time="21.064" classname="TestCases.HyperLinkPage_Test">
    <skipped/>
  </testcase> <!-- Test12_VerifyBrokenLink -->
  <testcase name="Test12_VerifyBrokenLink" time="21.076" classname="TestCases.HyperLinkPage_Test">
    <skipped/>
  </testcase> <!-- Test12_VerifyBrokenLink -->
  <testcase name="Test12_GotoHomePage1" time="7.253" classname="TestCases.HyperLinkPage_Test"/>
  <testcase name="Test14_CountLink" time="0.123" classname="TestCases.HyperLinkPage_Test"/>
</testsuite> <!-- TestCases.HyperLinkPage_Test -->
