<?xml version="1.0" encoding="UTF-8"?>
<testng-results skipped="0" failed="1" ignored="0" total="6" passed="5">
  <reporter-output>
  </reporter-output>
  <suite name="Default suite" duration-ms="7610" started-at="2019-11-17T05:36:20Z" finished-at="2019-11-17T05:36:27Z">
    <groups>
    </groups>
    <test name="Default test" duration-ms="7610" started-at="2019-11-17T05:36:20Z" finished-at="2019-11-17T05:36:27Z">
      <class name="TestCases.EditPage_Test">
        <test-method status="PASS" signature="InitDriver()[pri:0, instance:TestCases.EditPage_Test@59e5ddf]" name="InitDriver" is-config="true" duration-ms="7508" started-at="2019-11-17T05:36:12Z" finished-at="2019-11-17T05:36:20Z">
          <reporter-output>
          </reporter-output>
        </test-method> <!-- InitDriver -->
        <test-method status="PASS" signature="LaunchAppURL()[pri:0, instance:TestCases.EditPage_Test@59e5ddf]" name="LaunchAppURL" is-config="true" duration-ms="5849" started-at="2019-11-17T05:36:20Z" finished-at="2019-11-17T05:36:26Z">
          <reporter-output>
          </reporter-output>
        </test-method> <!-- LaunchAppURL -->
        <test-method status="PASS" signature="Navi_ClickEdit()[pri:0, instance:TestCases.EditPage_Test@59e5ddf]" name="Navi_ClickEdit" duration-ms="1037" started-at="2019-11-17T05:36:26Z" finished-at="2019-11-17T05:36:27Z">
          <reporter-output>
          </reporter-output>
        </test-method> <!-- Navi_ClickEdit -->
        <test-method status="PASS" signature="test01_EmailAddress()[pri:1, instance:TestCases.EditPage_Test@59e5ddf]" name="test01_EmailAddress" duration-ms="253" started-at="2019-11-17T05:36:27Z" depends-on-methods="TestCases.EditPage_Test.Navi_ClickEdit" finished-at="2019-11-17T05:36:27Z">
          <reporter-output>
          </reporter-output>
        </test-method> <!-- test01_EmailAddress -->
        <test-method status="PASS" signature="test02_AppendText()[pri:2, instance:TestCases.EditPage_Test@59e5ddf]" name="test02_AppendText" duration-ms="190" started-at="2019-11-17T05:36:27Z" depends-on-methods="TestCases.EditPage_Test.Navi_ClickEdit" finished-at="2019-11-17T05:36:27Z">
          <reporter-output>
          </reporter-output>
        </test-method> <!-- test02_AppendText -->
        <test-method status="PASS" signature="test03_GetText()[pri:3, instance:TestCases.EditPage_Test@59e5ddf]" name="test03_GetText" duration-ms="49" started-at="2019-11-17T05:36:27Z" depends-on-methods="TestCases.EditPage_Test.Navi_ClickEdit" finished-at="2019-11-17T05:36:27Z">
          <reporter-output>
          </reporter-output>
        </test-method> <!-- test03_GetText -->
        <test-method status="FAIL" signature="test04_ClearMe()[pri:4, instance:TestCases.EditPage_Test@59e5ddf]" name="test04_ClearMe" duration-ms="98" started-at="2019-11-17T05:36:27Z" depends-on-methods="TestCases.EditPage_Test.Navi_ClickEdit" finished-at="2019-11-17T05:36:27Z">
          <exception class="java.lang.AssertionError">
            <message>
              <![CDATA[expected [false] but found [true]]]>
            </message>
            <full-stacktrace>
              <![CDATA[java.lang.AssertionError: expected [false] but found [true]
at org.testng.Assert.fail(Assert.java:96)
at org.testng.Assert.failNotEquals(Assert.java:776)
at org.testng.Assert.assertFalse(Assert.java:65)
at org.testng.Assert.assertFalse(Assert.java:75)
at TestCases.EditPage_Test.test04_ClearMe(EditPage_Test.java:47)
at sun.reflect.NativeMethodAccessorImpl.invoke0(Native Method)
at sun.reflect.NativeMethodAccessorImpl.invoke(Unknown Source)
at sun.reflect.DelegatingMethodAccessorImpl.invoke(Unknown Source)
at java.lang.reflect.Method.invoke(Unknown Source)
at org.testng.internal.MethodInvocationHelper.invokeMethod(MethodInvocationHelper.java:124)
at org.testng.internal.Invoker.invokeMethod(Invoker.java:583)
at org.testng.internal.Invoker.invokeTestMethod(Invoker.java:719)
at org.testng.internal.Invoker.invokeTestMethods(Invoker.java:989)
at org.testng.internal.TestMethodWorker.invokeTestMethods(TestMethodWorker.java:125)
at org.testng.internal.TestMethodWorker.run(TestMethodWorker.java:109)
at org.testng.TestRunner.privateRun(TestRunner.java:648)
at org.testng.TestRunner.run(TestRunner.java:505)
at org.testng.SuiteRunner.runTest(SuiteRunner.java:455)
at org.testng.SuiteRunner.runSequentially(SuiteRunner.java:450)
at org.testng.SuiteRunner.privateRun(SuiteRunner.java:415)
at org.testng.SuiteRunner.run(SuiteRunner.java:364)
at org.testng.SuiteRunnerWorker.runSuite(SuiteRunnerWorker.java:52)
at org.testng.SuiteRunnerWorker.run(SuiteRunnerWorker.java:84)
at org.testng.TestNG.runSuitesSequentially(TestNG.java:1208)
at org.testng.TestNG.runSuitesLocally(TestNG.java:1137)
at org.testng.TestNG.runSuites(TestNG.java:1049)
at org.testng.TestNG.run(TestNG.java:1017)
at org.testng.remote.AbstractRemoteTestNG.run(AbstractRemoteTestNG.java:115)
at org.testng.remote.RemoteTestNG.initAndRun(RemoteTestNG.java:251)
at org.testng.remote.RemoteTestNG.main(RemoteTestNG.java:77)
]]>
            </full-stacktrace>
          </exception> <!-- java.lang.AssertionError -->
          <reporter-output>
          </reporter-output>
        </test-method> <!-- test04_ClearMe -->
        <test-method status="PASS" signature="test05_DisabledCheck()[pri:5, instance:TestCases.EditPage_Test@59e5ddf]" name="test05_DisabledCheck" duration-ms="93" started-at="2019-11-17T05:36:27Z" depends-on-methods="TestCases.EditPage_Test.Navi_ClickEdit" finished-at="2019-11-17T05:36:27Z">
          <reporter-output>
          </reporter-output>
        </test-method> <!-- test05_DisabledCheck -->
        <test-method status="PASS" signature="quitDriver()[pri:0, instance:TestCases.EditPage_Test@59e5ddf]" name="quitDriver" is-config="true" duration-ms="1205" started-at="2019-11-17T05:36:27Z" finished-at="2019-11-17T05:36:29Z">
          <reporter-output>
          </reporter-output>
        </test-method> <!-- quitDriver -->
      </class> <!-- TestCases.EditPage_Test -->
    </test> <!-- Default test -->
  </suite> <!-- Default suite -->
</testng-results>
